<?xml version="1.0" encoding="UTF-8"?>
<!-- Generated by org.testng.reporters.JUnitXMLReporter -->
<testsuite ignored="0" hostname="MWDH-Work2" failures="1" tests="1" name="Default test(failed)" time="0.045" errors="0" timestamp="2022-08-20T05:39:22 AST">
  <testcase classname="ass1W10D3.Test2" name="test2" time="0.008">
    <failure type="java.lang.AssertionError" message="expected [true] but found [false]">
      <![CDATA[java.lang.AssertionError: expected [true] but found [false]
at ass1W10D3.Test2.test2(Test2.java:13)
at java.base/java.util.ArrayList.forEach(ArrayList.java:1511)
... Removed 31 stack frames]]>
    </failure>
  </testcase> <!-- test2 -->
</testsuite> <!-- Default test(failed) -->
